"../../../Engine/Content/Functions/Engine_MaterialFunctions01/Opacity/CameraDepthFade.uasset" 0
"../../../Engine/Content/EngineMaterials/T_Default_Material_Grid_M.uasset" 1
"../../../Engine/Content/EngineMaterials/T_Default_Material_Grid_N.uasset" 2
"../../../Engine/Content/EngineMaterials/DefaultMaterial.uasset" 3
"../../../Engine/Content/BasicShapes/Cone.uasset" 4
"../../../Engine/Content/BasicShapes/Sphere.uasset" 5
"../../../Engine/Content/EditorLandscapeResources/DataLayer.uasset" 6
"../../../Engine/Content/EditorMaterials/GizmoMaterial.uasset" 7
"../../../Engine/Content/EditorMaterials/MAT_Groups_Toggle.uasset" 8
"../../../Engine/Content/EditorMaterials/MAT_Groups_Visibility.uasset" 9
"../../../Engine/Content/EditorMaterials/PreviewShadowIndicator.uasset" 10
"../../../Engine/Content/EditorMaterials/PreviewShadowIndicatorMaterial.uasset" 11
"../../../Engine/Content/EditorMaterials/AssetViewer/EpicQuadPanorama_CC+EV1.uasset" 12
"../../../Engine/Content/EditorMaterials/MatineeGroups/MAT_ColorTrack.uasset" 13
"../../../Engine/Content/EditorMaterials/MatineeGroups/MAT_Groups_Anim.uasset" 14
"../../../Engine/Content/EditorMaterials/MatineeGroups/MAT_Groups_AudioMaster.uasset" 15
"../../../Engine/Content/EditorMaterials/MatineeGroups/MAT_Groups_Director.uasset" 16
"../../../Engine/Content/EditorMaterials/MatineeGroups/MAT_Groups_Event.uasset" 17
"../../../Engine/Content/EditorMaterials/MatineeGroups/MAT_Groups_Fade.uasset" 18
"../../../Engine/Content/EditorMaterials/MatineeGroups/MAT_Groups_Float.uasset" 19
"../../../Engine/Content/EditorMaterials/MatineeGroups/MAT_Groups_Move.uasset" 20
"../../../Engine/Content/EditorMaterials/MatineeGroups/MAT_Groups_Slomo.uasset" 21
"../../../Engine/Content/EditorMaterials/MatineeGroups/MAT_Groups_Sound.uasset" 22
"../../../Engine/Content/EditorMaterials/MatineeGroups/MAT_Groups_Vector.uasset" 23
"../../../Engine/Content/EditorMaterials/ParticleSystems/PSysThumbnail_NoImage.uasset" 24
"../../../Engine/Content/EditorMaterials/ParticleSystems/PSysThumbnail_OOD.uasset" 25
"../../../Engine/Content/EditorMaterials/Camera/CineMat.uasset" 26
"../../../Engine/Content/EditorMaterials/Camera/MI_CineMat_Rig.uasset" 27
"../../../Engine/Content/EditorMeshes/Camera/SM_CraneRig_Arm.uasset" 28
"../../../Engine/Content/EditorMeshes/Camera/SM_CraneRig_Base.uasset" 29
"../../../Engine/Content/EditorMeshes/Camera/SM_CraneRig_Body.uasset" 30
"../../../Engine/Content/EditorMeshes/Camera/SM_CraneRig_Mount.uasset" 31
"../../../Engine/Content/EditorMeshes/Camera/SM_RailRig_Mount.uasset" 32
"../../../Engine/Content/EditorMeshes/Camera/SM_RailRig_Track.uasset" 33
"../../../Engine/Content/EditorMeshes/ColorCalibrator/M_ChromeBall.uasset" 34
"../../../Engine/Content/EditorMeshes/ColorCalibrator/M_ClearCoat.uasset" 35
"../../../Engine/Content/EditorMeshes/ColorCalibrator/M_ClearCoatBlack.uasset" 36
"../../../Engine/Content/EditorMeshes/ColorCalibrator/T_ColorGrid.uasset" 37
"../../../Engine/Content/EditorMeshes/ColorCalibrator/M_ColorGrid.uasset" 38
"../../../Engine/Content/EditorMeshes/ColorCalibrator/M_GreyBall.uasset" 39
"../../../Engine/Content/EditorMeshes/ColorCalibrator/SM_ColorCalibrator.uasset" 40
"../../../Engine/Content/EditorResources/BSPVertex.uasset" 41
"../../../Engine/Content/EditorResources/EmptyActor.uasset" 42
"../../../Engine/Content/EditorResources/RGBTable16x1_AssetViewer.uasset" 43
"../../../Engine/Content/EditorResources/S_Actor.uasset" 44
"../../../Engine/Content/EditorResources/S_Trigger.uasset" 45
"../../../Engine/Content/EditorResources/LightIcons/S_LightError.uasset" 46
"../../../Engine/Content/EditorResources/SequenceRecorder/Countdown.uasset" 47
"../../../Engine/Content/EditorResources/SequenceRecorder/RecordingIndicator.uasset" 48
"../../../Engine/Content/EditorSounds/Notifications/CompileFailed.uasset" 49
"../../../Engine/Content/EditorSounds/Notifications/CompileFailed_Cue.uasset" 50
"../../../Engine/Content/EditorSounds/Notifications/CompileSuccess.uasset" 51
"../../../Engine/Content/EditorSounds/Notifications/CompileStart_Cue.uasset" 52
"../../../Engine/Content/EditorSounds/Notifications/CompileSuccess_Cue.uasset" 53
"../../../Engine/Content/EngineDamageTypes/DmgTypeBP_Environmental.uasset" 54
"../../../Engine/Content/EngineDebugMaterials/HeatmapGradient.uasset" 55
"../../../Engine/Content/EngineDebugMaterials/BoneWeightMaterial.uasset" 56
"../../../Engine/Content/EngineDebugMaterials/DebugMeshMaterial.uasset" 57
"../../../Engine/Content/EngineDebugMaterials/GeomMaterial.uasset" 58
"../../../Engine/Content/EngineFonts/Roboto.uasset" 59
"../../../Engine/Content/EngineFonts/RobotoTiny.uasset" 60
"../../../Engine/Content/EngineMaterials/DefaultBokeh.uasset" 61
"../../../Engine/Content/EngineMaterials/DefaultDiffuse.uasset" 62
"../../../Engine/Content/EngineMaterials/DefaultDeferredDecalMaterial.uasset" 63
"../../../Engine/Content/EngineMaterials/DefaultLightFunctionMaterial.uasset" 64
"../../../Engine/Content/EngineMaterials/DefaultPhysicalMaterial.uasset" 65
"../../../Engine/Content/Functions/Engine_MaterialFunctions02/Utility/BreakOutFloat2Components.uasset" 66
"../../../Engine/Content/EngineMaterials/DefaultPostProcessMaterial.uasset" 67
"../../../Engine/Content/EngineFonts/RobotoDistanceField.uasset" 68
"../../../Engine/Content/EngineMaterials/DefaultTextMaterialOpaque.uasset" 69
"../../../Engine/Content/EngineMaterials/DefaultWhiteGrid.uasset" 70
"../../../Engine/Content/EngineMaterials/EditorBrushMaterial.uasset" 71
"../../../Engine/Content/EngineMaterials/Good64x64TilingNoiseHighFreq.uasset" 72
"../../../Engine/Content/EngineMaterials/MiniFont.uasset" 73
"../../../Engine/Content/EngineMaterials/InvalidLightmapSettings.uasset" 74
"../../../Engine/Content/EngineMaterials/M_InvalidLightmapSettings.uasset" 75
"../../../Engine/Content/EngineMaterials/PhAT_JointLimitMaterial.uasset" 76
"../../../Engine/Content/EngineMaterials/PreintegratedSkinBRDF.uasset" 77
"../../../Engine/Content/EngineMaterials/RemoveSurfaceMaterial.uasset" 78
"../../../Engine/Content/EngineMaterials/WeightMapPlaceholderTexture.uasset" 79
"../../../Engine/Content/EngineResources/WhiteSquareTexture.uasset" 80
"../../../Engine/Content/EngineMaterials/Widget3DPassThrough.uasset" 81
"../../../Engine/Content/EngineMaterials/Widget3DPassThrough_Masked.uasset" 82
"../../../Engine/Content/EngineMaterials/Widget3DPassThrough_Opaque.uasset" 83
"../../../Engine/Content/EngineMaterials/Widget3DPassThrough_Masked_OneSided.uasset" 84
"../../../Engine/Content/EngineMaterials/Widget3DPassThrough_Opaque_OneSided.uasset" 85
"../../../Engine/Content/EngineMaterials/Widget3DPassThrough_Translucent.uasset" 86
"../../../Engine/Content/EngineMaterials/Widget3DPassThrough_Translucent_OneSided.uasset" 87
"../../../Engine/Content/EngineMeshes/Cube.uasset" 88
"../../../Engine/Content/EngineMeshes/Cylinder.uasset" 89
"../../../Engine/Content/EngineMeshes/Sphere.uasset" 90
"../../../Engine/Content/EngineResources/AICON-Green.uasset" 91
"../../../Engine/Content/EngineResources/AICON-Red.uasset" 92
"../../../Engine/Content/EngineResources/Black.uasset" 93
"../../../Engine/Content/EngineResources/DefaultTexture.uasset" 94
"../../../Engine/Content/EngineResources/DefaultTextureCube.uasset" 95
"../../../Engine/Content/EngineResources/GradientTexture0.uasset" 96
"../../../Engine/Content/EngineSounds/Master.uasset" 97
"../../../Engine/Content/EngineSounds/MasterSubmix.uasset" 98
"../../../Engine/Content/EngineTireTypes/DefaultTireType.uasset" 99
"../../../Engine/Content/Functions/Engine_MaterialFunctions01/Shading/ConvertFromDiffSpec.uasset" 100
"../../../Engine/Content/Functions/Engine_MaterialFunctions01/Shading/PowerToRoughness.uasset" 101
"../../../Engine/Content/Maps/Templates/Thumbnails/Default.uasset" 102
"../../../Engine/Content/Maps/Templates/Thumbnails/VR-Basic.uasset" 103
"../../../Engine/Content/MobileResources/T_MobileControls_texture.uasset" 104
"../../../Engine/Content/MobileResources/T_MobileMenu2.uasset" 105
"../../../Engine/Content/MobileResources/HUD/AnalogHat.uasset" 106
"../../../Engine/Content/MobileResources/HUD/VirtualJoystick_Background.uasset" 107
"../../../Engine/Content/MobileResources/HUD/VirtualJoystick_Thumb.uasset" 108
"../../../Engine/Content/MobileResources/HUD/DefaultVirtualJoysticks.uasset" 109
"../../../Engine/Content/MobileResources/HUD/LeftVirtualJoystickOnly.uasset" 110
"../../../Engine/Content/MobileResources/HUD/MobileHUDButton1_off.uasset" 111
"../../../Engine/Content/MobileResources/HUD/MobileHUDButton1_on.uasset" 112
"../../../Engine/Content/MobileResources/HUD/MobileHUDButton2_off.uasset" 113
"../../../Engine/Content/MobileResources/HUD/MobileHUDButton2_on.uasset" 114
"../../../Engine/Content/MobileResources/HUD/MobileHUDButton3.uasset" 115
"../../../Engine/Content/MobileResources/HUD/MobileHUDButtonFire.uasset" 116
"../../../Engine/Content/MobileResources/HUD/MobileHUDDirectionPad.uasset" 117
"../../../Engine/Content/MobileResources/HUD/MobileHUDDirectionPad2.uasset" 118
"../../../Engine/Content/MobileResources/HUD/MobileHUDDirectionPad3.uasset" 119
"../../../Engine/Content/MobileResources/HUD/MobileHUDDirectionStick.uasset" 120
"../../../Engine/Content/MobileResources/HUD/T_Castle_ThumbstickInner.uasset" 121
"../../../Engine/Content/MobileResources/HUD/T_Castle_ThumbstickOutter.uasset" 122
"../../../Engine/Content/Tutorial/ContentIntroCurve.uasset" 123
"../../../Engine/Content/Tutorial/Basics/TutorialAssets/icon_tab_Levels_40x.uasset" 124
"../../../Engine/Content/Tutorial/BlueprintTutorials/TutorialAssets/BlueprintInterface_64x.uasset" 125
"../../../Engine/Content/Tutorial/BlueprintTutorials/TutorialAssets/BlueprintMacroLibrary_64x.uasset" 126
"../../../Engine/Content/Tutorial/BlueprintTutorials/TutorialAssets/Blueprint_64x.uasset" 127
"../../../Engine/Content/Tutorial/BlueprintTutorials/TutorialAssets/Tutorial_BP_Interface.uasset" 128
"../../../Engine/Content/Tutorial/Foliage/TutorialAssets/Foliage.uasset" 129
"../../../Engine/Content/Tutorial/Landscape/TutorialAssets/Landscape.uasset" 130
"../../../Engine/Content/Tutorial/Paper2D/TutorialAssets/Paper2DFlipbook_TutorialIcon.uasset" 131
"../../../Engine/Content/Tutorial/Paper2D/TutorialAssets/Paper2DSprite_TutorialIcon.uasset" 132
"../../../Engine/Content/Tutorial/SubEditors/TutorialAssets/icon_Editor_Preferences_General_40x.uasset" 133
"../../../Engine/Content/Tutorial/SubEditors/TutorialAssets/icon_ShowSkeletalMeshes_40x.uasset" 134
"../../../Engine/Content/Tutorial/SubEditors/TutorialAssets/TutorialMaterial.uasset" 135
"../../../Engine/Content/Tutorial/SubEditors/TutorialAssets/T_SmokeSubUV_8X8.uasset" 136
"../../../Engine/Content/Tutorial/SubEditors/TutorialAssets/T_soft_smoke.uasset" 137
"../../../Engine/Content/Tutorial/SubEditors/TutorialAssets/M_smoke_subUV_blackbody.uasset" 138
"../../../Engine/Content/Tutorial/SubEditors/TutorialAssets/TutorialParticleSystem.uasset" 139
"../../../Engine/Content/EngineMaterials/WorldGridMaterial.uasset" 140
"../../../Engine/Content/EditorMeshes/EditorCube.uasset" 141
"../../../Engine/Content/Tutorial/SubEditors/TutorialAssets/Tutorial_DM.uasset" 142
"../../../Engine/Content/VREditor/Devices/Generic/GenericHMDMaterial.uasset" 143
"../../../Engine/Content/VREditor/Devices/Generic/GenericHMD.uasset" 144
"../../../Engine/Content/VREditor/FloatingText/LineMaterial.uasset" 145
"../../../Engine/Content/VREditor/FloatingText/JointSphere.uasset" 146
"../../../Engine/Content/VREditor/FloatingText/LineSegmentCylinder.uasset" 147
"../../../Engine/Content/VREditor/Fonts/VRText_RobotoLarge.uasset" 148
"../../../Engine/Content/VREditor/Fonts/VRTextMaterial.uasset" 149
"../../../Engine/Content/VREditor/Fonts/TranslucentVRTextMaterial.uasset" 150
"../../../Engine/Content/VREditor/LaserPointer/VR_LaserPower_01.uasset" 151
"../../../Engine/Content/VREditor/LaserPointer/LaserPointerMaterial.uasset" 152
"../../../Engine/Content/VREditor/LaserPointer/LaserPointerMaterialInst.uasset" 153
"../../../Engine/Content/VREditor/LaserPointer/TranslucentLaserPointerMaterialInst.uasset" 154
"../../../Engine/Content/VREditor/LaserPointer/LaserPointerMesh.uasset" 155
"../../../Engine/Content/VREditor/Sounds/VR_grab_Cue.uasset" 156
"../../../Engine/Content/VREditor/Sounds/VR_teleport_Cue.uasset" 157
"../../../Engine/Content/VREditor/TransformGizmo/TransformGizmoMaterial.uasset" 158
"../../../Engine/Content/VREditor/TransformGizmo/TranslucentTransformGizmoMaterial.uasset" 159
"../../../Engine/Content/VREditor/TransformGizmo/BoundingBoxCorner.uasset" 160
"../../../Engine/Content/VREditor/TransformGizmo/BoundingBoxEdge.uasset" 161
"../../../Engine/Content/VREditor/TransformGizmo/PlaneTranslationHandle.uasset" 162
"../../../Engine/Content/VREditor/TransformGizmo/RotationHandle.uasset" 163
"../../../Engine/Content/VREditor/TransformGizmo/RotationHandleFull.uasset" 164
"../../../Engine/Content/VREditor/TransformGizmo/StretchingHandle.uasset" 165
"../../../Engine/Content/VREditor/TransformGizmo/TranslateHandleLong.uasset" 166
"../../../Engine/Content/VREditor/TransformGizmo/TranslationHandle.uasset" 167
"../../../Engine/Content/VREditor/TransformGizmo/UniformScaleHandle.uasset" 168
"../../../Engine/Content/VREditor/UI/CloseButtonMesh.uasset" 169
"../../../Engine/Content/VREditor/UI/SelectionBarMesh.uasset" 170
"../../../Engine/Content/Functions/Engine_MaterialFunctions01/Gradient/RadialGradient.uasset" 171
"../../../Engine/Content/VREditor/WorldMovementGrid/SimpleGrid.uasset" 172
"../../../Engine/Content/VREditor/WorldMovementGrid/GridMaterial.uasset" 173
"../../../Engine/Content/Functions/Engine_MaterialFunctions01/Density/ExponentialDensity.uasset" 174
"../../../Engine/Content/VREditor/WorldMovementGrid/GridPostProcess.uasset" 175
"../../../Engine/Content/EditorLandscapeResources/FlattenHeightMat.uasset" 176
"../../../Engine/Content/VREditor/WorldMovementGrid/PlaneMesh.uasset" 177
"../../../ParityPirate/Content/FirstPerson/Character/Mesh/SK_Mannequin_Arms_Skeleton.uasset" 178
"../../../ParityPirate/Content/FirstPerson/Animations/FirstPerson_Fire.uasset" 179
"../../../ParityPirate/Content/FirstPerson/Animations/FirstPersonFire_Montage.uasset" 180
"../../../ParityPirate/Content/FirstPerson/Audio/FirstPersonTemplateWeaponFire02.uasset" 181
"../../../ParityPirate/Content/FirstPerson/Character/TextDisplay.uasset" 182
"../../../ParityPirate/Content/FirstPerson/Character/Textures/UE4_LOGO_CARD.uasset" 183
"../../../ParityPirate/Content/FirstPerson/FPWeapon/Materials/MaterialLayers/ML_Plastic_Shiny_Beige_LOGO.uasset" 184
"../../../ParityPirate/Content/FirstPerson/FPWeapon/Materials/MaterialLayers/T_ML_FineRubber.uasset" 185
"../../../ParityPirate/Content/FirstPerson/FPWeapon/Mesh/SK_FPGun_PhysicsAsset.uasset" 186
"../../../ParityPirate/Content/FirstPerson/Meshes/BaseMaterial.uasset" 187
"../../../ParityPirate/Content/FirstPerson/Meshes/CubeMaterialOverride.uasset" 188
"../../../ParityPirate/Content/FirstPerson/Textures/FirstPersonCrosshair.uasset" 189
"../../../ParityPirate/Content/FirstPersonBP/Blueprints/FirstPersonHUD.uasset" 190
"../../../ParityPirate/Content/FirstPersonBP/Blueprints/FirstPersonGameMode.uasset" 191
"../../../ParityPirate/Content/FirstPerson/Meshes/FirstPersonProjectileMaterial.uasset" 192
"../../../ParityPirate/Content/FirstPerson/Meshes/FirstPersonProjectileMesh.uasset" 193
"../../../ParityPirate/Content/FirstPersonBP/Blueprints/FirstPersonProjectile.uasset" 194
"../../../ParityPirate/Content/Geometry/Meshes/CubeMaterial.uasset" 195
"../../../ParityPirate/Content/Geometry/Meshes/1M_Cube.uasset" 196
"../../../ParityPirate/Content/Geometry/Meshes/1M_Cube_Chamfer.uasset" 197
"../../../ParityPirate/Content/Geometry/Meshes/TemplateFloor.uasset" 198
"../../../ParityPirate/Content/Puzzle/Meshes/BaseMaterial.uasset" 199
"../../../ParityPirate/Content/Puzzle/Meshes/OrangeMaterial.uasset" 200
"../../../ParityPirate/Content/PuzzleBP/Blueprints/Wood.uasset" 201
"../../../ParityPirate/Content/PuzzleBP/Blueprints/Wood_Boat_0.uasset" 202
"../../../ParityPirate/Content/StarterContent/Materials/M_Basic_Floor.uasset" 203
"../../../ParityPirate/Content/StarterContent/Architecture/Floor_400x400.uasset" 204
"../../../ParityPirate/Content/StarterContent/Materials/M_Basic_Wall.uasset" 205
"../../../ParityPirate/Content/StarterContent/Architecture/Pillar_50x500.uasset" 206
"../../../ParityPirate/Content/StarterContent/Materials/M_AssetPlatform.uasset" 207
"../../../ParityPirate/Content/StarterContent/Architecture/SM_AssetPlatform.uasset" 208
"../../../ParityPirate/Content/StarterContent/Architecture/Wall_400x200.uasset" 209
"../../../ParityPirate/Content/StarterContent/Architecture/Wall_400x300.uasset" 210
"../../../ParityPirate/Content/StarterContent/Architecture/Wall_400x400.uasset" 211
"../../../ParityPirate/Content/StarterContent/Architecture/Wall_500x500.uasset" 212
"../../../ParityPirate/Content/StarterContent/Architecture/Wall_Door_400x300.uasset" 213
"../../../ParityPirate/Content/StarterContent/Architecture/Wall_Door_400x400.uasset" 214
"../../../ParityPirate/Content/StarterContent/Architecture/Wall_Window_400x300.uasset" 215
"../../../ParityPirate/Content/StarterContent/Architecture/Wall_Window_400x400.uasset" 216
"../../../ParityPirate/Content/StarterContent/Audio/Collapse_Cue.uasset" 217
"../../../ParityPirate/Content/StarterContent/Audio/Light01_Cue.uasset" 218
"../../../ParityPirate/Content/StarterContent/Audio/Light02_Cue.uasset" 219
"../../../ParityPirate/Content/StarterContent/Audio/Starter_Background_Cue.uasset" 220
"../../../ParityPirate/Content/StarterContent/Audio/Starter_Music_Cue.uasset" 221
"../../../ParityPirate/Content/StarterContent/Textures/T_Lamp_M.uasset" 222
"../../../ParityPirate/Content/StarterContent/Textures/T_Lamp_N.uasset" 223
"../../../ParityPirate/Content/StarterContent/Props/Materials/M_Lamp.uasset" 224
"../../../ParityPirate/Content/StarterContent/Props/SM_Lamp_Ceiling.uasset" 225
"../../../ParityPirate/Content/StarterContent/Blueprints/Blueprint_CeilingLight.uasset" 226
"../../../ParityPirate/Content/StarterContent/Audio/Explosion_Cue.uasset" 227
"../../../ParityPirate/Content/StarterContent/Textures/T_Burst_M.uasset" 228
"../../../ParityPirate/Content/StarterContent/Particles/Materials/M_Burst.uasset" 229
"../../../ParityPirate/Content/StarterContent/Textures/T_Explosion_SubUV.uasset" 230
"../../../ParityPirate/Content/StarterContent/Particles/Materials/M_explosion_subUV.uasset" 231
"../../../ParityPirate/Content/StarterContent/Particles/Materials/m_flare_01.uasset" 232
"../../../ParityPirate/Content/StarterContent/Particles/Materials/M_radial_ramp.uasset" 233
"../../../ParityPirate/Content/StarterContent/Textures/T_Smoke_SubUV.uasset" 234
"../../../ParityPirate/Content/StarterContent/Textures/T_Smoke_Tiled_D.uasset" 235
"../../../ParityPirate/Content/StarterContent/Particles/Materials/M_smoke_subUV.uasset" 236
"../../../ParityPirate/Content/StarterContent/Particles/P_Explosion.uasset" 237
"../../../ParityPirate/Content/StarterContent/Blueprints/Blueprint_Effect_Explosion.uasset" 238
"../../../ParityPirate/Content/StarterContent/Audio/Fire01_Cue.uasset" 239
"../../../ParityPirate/Content/StarterContent/Textures/T_Fire_SubUV.uasset" 240
"../../../ParityPirate/Content/StarterContent/Textures/T_Fire_Tiled_D.uasset" 241
"../../../ParityPirate/Content/StarterContent/Particles/Materials/M_Fire_SubUV.uasset" 242
"../../../ParityPirate/Content/StarterContent/Textures/T_Water_N.uasset" 243
"../../../ParityPirate/Content/StarterContent/Particles/Materials/M_Heat_Distortion.uasset" 244
"../../../ParityPirate/Content/StarterContent/Particles/Materials/M_Radial_Gradient.uasset" 245
"../../../ParityPirate/Content/StarterContent/Particles/P_Fire.uasset" 246
"../../../ParityPirate/Content/StarterContent/Blueprints/Blueprint_Effect_Fire.uasset" 247
"../../../ParityPirate/Content/StarterContent/Audio/Smoke01_Cue.uasset" 248
"../../../ParityPirate/Content/StarterContent/Particles/P_Smoke.uasset" 249
"../../../ParityPirate/Content/StarterContent/Blueprints/Blueprint_Effect_Smoke.uasset" 250
"../../../ParityPirate/Content/StarterContent/Audio/Fire_Sparks01_Cue.uasset" 251
"../../../ParityPirate/Content/StarterContent/Textures/T_Spark_Core.uasset" 252
"../../../ParityPirate/Content/StarterContent/Particles/Materials/M_Spark.uasset" 253
"../../../ParityPirate/Content/StarterContent/Particles/P_Sparks.uasset" 254
"../../../ParityPirate/Content/StarterContent/Blueprints/Blueprint_Effect_Sparks.uasset" 255
"../../../ParityPirate/Content/StarterContent/Audio/Steam01_Cue.uasset" 256
"../../../ParityPirate/Content/StarterContent/Particles/P_Steam_Lit.uasset" 257
"../../../ParityPirate/Content/StarterContent/Blueprints/Blueprint_Effect_Steam.uasset" 258
"../../../ParityPirate/Content/StarterContent/Props/SM_Lamp_Wall.uasset" 259
"../../../ParityPirate/Content/StarterContent/Blueprints/Blueprint_WallSconce.uasset" 260
"../../../ParityPirate/Content/StarterContent/Blueprints/Assets/FogBrightnessLUT.uasset" 261
"../../../ParityPirate/Content/StarterContent/Blueprints/Assets/SunlightColorLUT.uasset" 262
"../../../ParityPirate/Content/StarterContent/Blueprints/Assets/M_LightStage_Arrows.uasset" 263
"../../../Engine/Content/MapTemplates/Sky/DaylightAmbientCubemap.uasset" 264
"../../../ParityPirate/Content/StarterContent/Blueprints/Assets/M_LightStage_Skybox_Master.uasset" 265
"../../../ParityPirate/Content/StarterContent/Blueprints/Assets/M_LightStage_Skybox_Black.uasset" 266
"../../../ParityPirate/Content/StarterContent/Blueprints/Assets/M_LightStage_Skybox_HDRI.uasset" 267
"../../../Engine/Content/EditorMaterials/Thumbnails/SkySphereMaterial.uasset" 268
"../../../ParityPirate/Content/StarterContent/Blueprints/Assets/Skybox.uasset" 269
"../../../ParityPirate/Content/StarterContent/Blueprints/Assets/SM_Arrows.uasset" 270
"../../../ParityPirate/Content/StarterContent/HDRI/HDRI_Epic_Courtyard_Daylight.uasset" 271
"../../../ParityPirate/Content/StarterContent/Blueprints/BP_LightStudio.uasset" 272
"../../../ParityPirate/Content/StarterContent/Materials/1.uasset" 273
"../../../ParityPirate/Content/StarterContent/Materials/big_diffus.uasset" 274
"../../../ParityPirate/Content/StarterContent/Materials/_wood_barreldefault.uasset" 275
"../../../ParityPirate/Content/StarterContent/Materials/big_wood_barrel.uasset" 276
"../../../ParityPirate/Content/StarterContent/Materials/D.uasset" 277
"../../../ParityPirate/Content/StarterContent/Materials/Dice.uasset" 278
"../../../ParityPirate/Content/StarterContent/Materials/mini_diffus.uasset" 279
"../../../ParityPirate/Content/StarterContent/Materials/_mini_wood_barreldefault.uasset" 280
"../../../ParityPirate/Content/StarterContent/Materials/mini_wood_barrel.uasset" 281
"../../../ParityPirate/Content/StarterContent/Textures/T_Ceramic_Tile_M.uasset" 282
"../../../ParityPirate/Content/StarterContent/Textures/T_Ceramic_Tile_N.uasset" 283
"../../../ParityPirate/Content/StarterContent/Textures/T_Perlin_Noise_M.uasset" 284
"../../../ParityPirate/Content/StarterContent/Textures/T_Rock_Marble_Polished_D.uasset" 285
"../../../ParityPirate/Content/StarterContent/Materials/M_Ceramic_Tile_Checker.uasset" 286
"../../../ParityPirate/Content/StarterContent/Textures/T_CobbleStone_Pebble_D.uasset" 287
"../../../ParityPirate/Content/StarterContent/Textures/T_CobbleStone_Pebble_M.uasset" 288
"../../../ParityPirate/Content/StarterContent/Textures/T_CobbleStone_Pebble_N.uasset" 289
"../../../ParityPirate/Content/StarterContent/Textures/T_MacroVariation.uasset" 290
"../../../ParityPirate/Content/StarterContent/Materials/M_CobbleStone_Pebble.uasset" 291
"../../../ParityPirate/Content/StarterContent/Textures/T_CobbleStone_Rough_D.uasset" 292
"../../../ParityPirate/Content/StarterContent/Textures/T_CobbleStone_Rough_N.uasset" 293
"../../../ParityPirate/Content/StarterContent/Textures/T_Gradinet_01.uasset" 294
"../../../ParityPirate/Content/StarterContent/Textures/T_Rock_Smooth_Granite_D.uasset" 295
"../../../ParityPirate/Content/StarterContent/Materials/M_CobbleStone_Rough.uasset" 296
"../../../ParityPirate/Content/StarterContent/Textures/T_CobbleStone_Smooth_D.uasset" 297
"../../../ParityPirate/Content/StarterContent/Textures/T_CobbleStone_Smooth_M.uasset" 298
"../../../ParityPirate/Content/StarterContent/Textures/T_CobbleStone_Smooth_N.uasset" 299
"../../../ParityPirate/Content/StarterContent/Materials/M_CobbleStone_Smooth.uasset" 300
"../../../ParityPirate/Content/StarterContent/Materials/M_ColorGrid_LowSpec.uasset" 301
"../../../ParityPirate/Content/StarterContent/Textures/T_Concrete_Grime_D.uasset" 302
"../../../ParityPirate/Content/StarterContent/Textures/T_Metal_Rust_N.uasset" 303
"../../../ParityPirate/Content/StarterContent/Materials/M_Concrete_Grime.uasset" 304
"../../../ParityPirate/Content/StarterContent/Textures/T_Concrete_Panels_D.uasset" 305
"../../../ParityPirate/Content/StarterContent/Textures/T_Concrete_Panels_N.uasset" 306
"../../../ParityPirate/Content/StarterContent/Materials/M_Concrete_Panels.uasset" 307
"../../../ParityPirate/Content/StarterContent/Textures/T_Concrete_Poured_D.uasset" 308
"../../../ParityPirate/Content/StarterContent/Textures/T_Concrete_Poured_N.uasset" 309
"../../../ParityPirate/Content/StarterContent/Materials/M_Concrete_Poured.uasset" 310
"../../../ParityPirate/Content/StarterContent/Textures/T_Ground_Grass_D.uasset" 311
"../../../ParityPirate/Content/StarterContent/Textures/T_Ground_Grass_N.uasset" 312
"../../../ParityPirate/Content/StarterContent/Materials/M_Ground_Grass.uasset" 313
"../../../ParityPirate/Content/StarterContent/Textures/T_Ground_Gravel_D.uasset" 314
"../../../ParityPirate/Content/StarterContent/Textures/T_Ground_Gravel_N.uasset" 315
"../../../ParityPirate/Content/StarterContent/Materials/M_Ground_Gravel.uasset" 316
"../../../ParityPirate/Content/StarterContent/Textures/T_ground_Moss_D.uasset" 317
"../../../ParityPirate/Content/StarterContent/Textures/T_Ground_Moss_N.uasset" 318
"../../../ParityPirate/Content/StarterContent/Materials/M_Ground_Moss.uasset" 319
"../../../ParityPirate/Content/StarterContent/Materials/M_Metal_Brushed_Nickel.uasset" 320
"../../../ParityPirate/Content/StarterContent/Textures/T_Metal_Aluminum_D.uasset" 321
"../../../ParityPirate/Content/StarterContent/Textures/T_Metal_Gold_N.uasset" 322
"../../../ParityPirate/Content/StarterContent/Materials/M_Metal_Burnished_Steel.uasset" 323
"../../../ParityPirate/Content/StarterContent/Materials/M_Metal_Chrome.uasset" 324
"../../../ParityPirate/Content/StarterContent/Textures/T_Metal_Copper_D.uasset" 325
"../../../ParityPirate/Content/StarterContent/Materials/M_Metal_Copper.uasset" 326
"../../../ParityPirate/Content/StarterContent/Textures/T_Metal_Gold_D.uasset" 327
"../../../ParityPirate/Content/StarterContent/Materials/M_Metal_Gold.uasset" 328
"../../../Engine/Content/Functions/Engine_MaterialFunctions02/Utility/BlendAngleCorrectedNormals.uasset" 329
"../../../ParityPirate/Content/StarterContent/Textures/T_Metal_Rust_D.uasset" 330
"../../../ParityPirate/Content/StarterContent/Materials/M_Metal_Rust.uasset" 331
"../../../ParityPirate/Content/StarterContent/Textures/T_Metal_Steel_D.uasset" 332
"../../../ParityPirate/Content/StarterContent/Textures/T_Metal_Steel_N.uasset" 333
"../../../ParityPirate/Content/StarterContent/Materials/M_Metal_Steel.uasset" 334
"../../../ParityPirate/Content/StarterContent/Textures/T_Rock_Basalt_D.uasset" 335
"../../../ParityPirate/Content/StarterContent/Textures/T_Rock_Basalt_N.uasset" 336
"../../../ParityPirate/Content/StarterContent/Materials/M_Rock_Basalt.uasset" 337
"../../../ParityPirate/Content/StarterContent/Materials/M_Rock_Marble_Polished.uasset" 338
"../../../ParityPirate/Content/StarterContent/Textures/T_Rock_Sandstone_D.uasset" 339
"../../../ParityPirate/Content/StarterContent/Textures/T_Rock_Sandstone_N.uasset" 340
"../../../ParityPirate/Content/StarterContent/Materials/M_Rock_Sandstone.uasset" 341
"../../../ParityPirate/Content/StarterContent/Textures/T_Rock_Slate_D.uasset" 342
"../../../ParityPirate/Content/StarterContent/Textures/T_Rock_Slate_N.uasset" 343
"../../../ParityPirate/Content/StarterContent/Materials/M_Rock_Slate.uasset" 344
"../../../ParityPirate/Content/StarterContent/Textures/T_Checker_Noise_M.uasset" 345
"../../../ParityPirate/Content/StarterContent/Textures/T_Single_Tile_N.uasset" 346
"../../../ParityPirate/Content/StarterContent/Textures/T_Tech_Dot_M.uasset" 347
"../../../ParityPirate/Content/StarterContent/Textures/T_Tech_Dot_N.uasset" 348
"../../../ParityPirate/Content/StarterContent/Materials/M_Tech_Checker_Dot.uasset" 349
"../../../ParityPirate/Content/StarterContent/Textures/T_Tech_Hex_Tile_M.uasset" 350
"../../../ParityPirate/Content/StarterContent/Textures/T_Tech_Hex_Tile_N.uasset" 351
"../../../ParityPirate/Content/StarterContent/Materials/M_Tech_Hex_Tile.uasset" 352
"../../../ParityPirate/Content/StarterContent/Materials/M_Tech_Hex_Tile_Pulse.uasset" 353
"../../../ParityPirate/Content/StarterContent/Textures/T_Tech_Panel_M.uasset" 354
"../../../ParityPirate/Content/StarterContent/Textures/T_Tech_Panel_N.uasset" 355
"../../../ParityPirate/Content/StarterContent/Materials/M_Tech_Panel.uasset" 356
"../../../ParityPirate/Content/StarterContent/Materials/M_Water_Lake.uasset" 357
"../../../ParityPirate/Content/StarterContent/Textures/T_Wood_Oak_D.uasset" 358
"../../../ParityPirate/Content/StarterContent/Textures/T_Wood_Oak_N.uasset" 359
"../../../ParityPirate/Content/StarterContent/Materials/M_Wood_Oak.uasset" 360
"../../../ParityPirate/Content/StarterContent/Materials/banka_sklo_bankaMat.uasset" 361
"../../../ParityPirate/Content/StarterContent/Materials/kolecko_default2Mat.uasset" 362
"../../../ParityPirate/Content/StarterContent/Materials/kolecko_kovMat.uasset" 363
"../../../ParityPirate/Content/StarterContent/Materials/nadrz_sklo_nadrzMat.uasset" 364
"../../../ParityPirate/Content/StarterContent/Materials/telo_default2Mat.uasset" 365
"../../../ParityPirate/Content/StarterContent/Materials/telo_kovMat.uasset" 366
"../../../ParityPirate/Content/StarterContent/Materials/OilLamp.uasset" 367
"../../../ParityPirate/Content/StarterContent/Materials/coin.uasset" 368
"../../../ParityPirate/Content/StarterContent/Materials/purse02.uasset" 369
"../../../ParityPirate/Content/StarterContent/Materials/purse01.uasset" 370
"../../../ParityPirate/Content/StarterContent/Materials/Material_brass.uasset" 371
"../../../ParityPirate/Content/StarterContent/Materials/Material_bronze.uasset" 372
"../../../ParityPirate/Content/StarterContent/Materials/Material_glass.uasset" 373
"../../../ParityPirate/Content/StarterContent/Materials/Material_hat.uasset" 374
"../../../ParityPirate/Content/StarterContent/Materials/telescope_Skeleton.uasset" 375
"../../../ParityPirate/Content/StarterContent/Materials/telescope.uasset" 376
"../../../ParityPirate/Content/StarterContent/Textures/T_Dust_Particle_D.uasset" 377
"../../../ParityPirate/Content/StarterContent/Particles/Materials/M_Dust_Particle.uasset" 378
"../../../ParityPirate/Content/StarterContent/Particles/P_Ambient_Dust.uasset" 379
"../../../ParityPirate/Content/StarterContent/Props/MaterialSphere.uasset" 380
"../../../ParityPirate/Content/StarterContent/Textures/T_Bush_D.uasset" 381
"../../../ParityPirate/Content/StarterContent/Textures/T_Bush_N.uasset" 382
"../../../ParityPirate/Content/StarterContent/Props/Materials/M_Bush.uasset" 383
"../../../ParityPirate/Content/StarterContent/Props/SM_Bush.uasset" 384
"../../../ParityPirate/Content/StarterContent/Textures/T_Chair_M.uasset" 385
"../../../ParityPirate/Content/StarterContent/Textures/T_Chair_N.uasset" 386
"../../../ParityPirate/Content/StarterContent/Props/Materials/M_Chair.uasset" 387
"../../../ParityPirate/Content/StarterContent/Props/SM_Chair.uasset" 388
"../../../ParityPirate/Content/StarterContent/Textures/T_Frame_M.uasset" 389
"../../../ParityPirate/Content/StarterContent/Textures/T_Frame_N.uasset" 390
"../../../ParityPirate/Content/StarterContent/Props/Materials/M_Frame.uasset" 391
"../../../ParityPirate/Content/StarterContent/Props/SM_CornerFrame.uasset" 392
"../../../ParityPirate/Content/StarterContent/Props/SM_Couch.uasset" 393
"../../../ParityPirate/Content/StarterContent/Materials/M_Glass.uasset" 394
"../../../ParityPirate/Content/StarterContent/Props/SM_GlassWindow.uasset" 395
"../../../ParityPirate/Content/StarterContent/Props/Materials/M_MaterialSphere.uasset" 396
"../../../ParityPirate/Content/StarterContent/Props/Materials/M_MaterialSphere_Plain.uasset" 397
"../../../ParityPirate/Content/StarterContent/Props/SM_MatPreviewMesh_02.uasset" 398
"../../../ParityPirate/Content/StarterContent/Props/SM_PillarFrame.uasset" 399
"../../../ParityPirate/Content/StarterContent/Props/SM_PillarFrame300.uasset" 400
"../../../ParityPirate/Content/StarterContent/Textures/T_Detail_Rocky_N.uasset" 401
"../../../ParityPirate/Content/StarterContent/Textures/T_RockMesh_M.uasset" 402
"../../../ParityPirate/Content/StarterContent/Textures/T_RockMesh_N.uasset" 403
"../../../ParityPirate/Content/StarterContent/Props/Materials/M_Rock.uasset" 404
"../../../ParityPirate/Content/StarterContent/Props/SM_Rock.uasset" 405
"../../../ParityPirate/Content/StarterContent/Textures/T_Shelf_M.uasset" 406
"../../../ParityPirate/Content/StarterContent/Textures/T_Shelf_N.uasset" 407
"../../../ParityPirate/Content/StarterContent/Props/Materials/M_Shelf.uasset" 408
"../../../ParityPirate/Content/StarterContent/Props/SM_Shelf.uasset" 409
"../../../ParityPirate/Content/StarterContent/Props/SM_Stairs.uasset" 410
"../../../ParityPirate/Content/StarterContent/Textures/T_TableRound_M.uasset" 411
"../../../ParityPirate/Content/StarterContent/Textures/T_TableRound_N.uasset" 412
"../../../ParityPirate/Content/StarterContent/Props/Materials/M_TableRound.uasset" 413
"../../../ParityPirate/Content/StarterContent/Props/SM_TableRound.uasset" 414
"../../../ParityPirate/Content/StarterContent/Props/SM_WindowFrame.uasset" 415
"../../../ParityPirate/Content/StarterContent/Shapes/Shape_Cone.uasset" 416
"../../../ParityPirate/Content/StarterContent/Shapes/Shape_Cube.uasset" 417
"../../../ParityPirate/Content/StarterContent/Shapes/Shape_Cylinder.uasset" 418
"../../../ParityPirate/Content/StarterContent/Shapes/Shape_NarrowCapsule.uasset" 419
"../../../ParityPirate/Content/StarterContent/Shapes/Shape_Pipe.uasset" 420
"../../../ParityPirate/Content/StarterContent/Shapes/Shape_Pipe_180.uasset" 421
"../../../ParityPirate/Content/StarterContent/Shapes/Shape_Pipe_90.uasset" 422
"../../../ParityPirate/Content/StarterContent/Shapes/Shape_Plane.uasset" 423
"../../../ParityPirate/Content/StarterContent/Shapes/Shape_QuadPyramid.uasset" 424
"../../../ParityPirate/Content/StarterContent/Shapes/Shape_Sphere.uasset" 425
"../../../ParityPirate/Content/StarterContent/Shapes/Shape_Torus.uasset" 426
"../../../ParityPirate/Content/StarterContent/Shapes/Shape_Trim.uasset" 427
"../../../ParityPirate/Content/StarterContent/Shapes/Shape_Trim_90_In.uasset" 428
"../../../ParityPirate/Content/StarterContent/Shapes/Shape_Trim_90_Out.uasset" 429
"../../../ParityPirate/Content/StarterContent/Shapes/Shape_TriPyramid.uasset" 430
"../../../ParityPirate/Content/StarterContent/Shapes/Shape_Tube.uasset" 431
"../../../ParityPirate/Content/StarterContent/Shapes/Shape_Wedge_A.uasset" 432
"../../../ParityPirate/Content/StarterContent/Shapes/Shape_Wedge_B.uasset" 433
"../../../ParityPirate/Content/StarterContent/Shapes/Shape_WideCapsule.uasset" 434
"../../../ParityPirate/Content/StarterContent/Textures/T_Brick_Clay_Beveled_D.uasset" 435
"../../../ParityPirate/Content/StarterContent/Textures/T_Brick_Clay_Beveled_M.uasset" 436
"../../../ParityPirate/Content/StarterContent/Textures/T_Brick_Clay_Beveled_N.uasset" 437
"../../../ParityPirate/Content/StarterContent/Textures/T_Brick_Clay_New_D.uasset" 438
"../../../ParityPirate/Content/StarterContent/Textures/T_Brick_Clay_New_M.uasset" 439
"../../../ParityPirate/Content/StarterContent/Textures/T_Brick_Clay_New_N.uasset" 440
"../../../ParityPirate/Content/StarterContent/Textures/T_Brick_Clay_Old_D.uasset" 441
"../../../ParityPirate/Content/StarterContent/Textures/T_Brick_Clay_Old_N.uasset" 442
"../../../ParityPirate/Content/StarterContent/Textures/T_Brick_Cut_Stone_D.uasset" 443
"../../../ParityPirate/Content/StarterContent/Textures/T_Brick_Cut_Stone_N.uasset" 444
"../../../ParityPirate/Content/StarterContent/Textures/T_Brick_Hewn_Stone_D.uasset" 445
"../../../ParityPirate/Content/StarterContent/Textures/T_Brick_Hewn_Stone_M.uasset" 446
"../../../ParityPirate/Content/StarterContent/Textures/T_Brick_Hewn_Stone_N.uasset" 447
"../../../ParityPirate/Content/StarterContent/Textures/T_Concrete_Tiles_D.uasset" 448
"../../../ParityPirate/Content/StarterContent/Textures/T_Concrete_Tiles_M.uasset" 449
"../../../ParityPirate/Content/StarterContent/Textures/T_Concrete_Tiles_N.uasset" 450
"../../../ParityPirate/Content/StarterContent/Textures/T_Concrete_Tiles_Variation_M.uasset" 451
"../../../ParityPirate/Content/Tutorial/PirateFont.uasset" 452
"../../../ParityPirate/Content/Tutorial/TriggerBox4_Blueprint.uasset" 453
"../../../Engine/Plugins/2D/Paper2D/Content/DummySprite.uasset" 454
"../../../Engine/Plugins/2D/Paper2D/Content/DefaultPaperTerrainMaterial.uasset" 455
"../../../Engine/Plugins/2D/Paper2D/Content/DefaultSpriteMaterial.uasset" 456
"../../../Engine/Plugins/2D/Paper2D/Content/MaskedUnlitSpriteMaterial.uasset" 457
"../../../Engine/Plugins/2D/Paper2D/Content/OpaqueUnlitSpriteMaterial.uasset" 458
"../../../Engine/Plugins/2D/Paper2D/Content/PlaceholderTextures/DummySpriteTexture.uasset" 459
"../../../ParityPirate/Content/StarterContent/Textures/T_Door_M.uasset" 460
"../../../ParityPirate/Content/StarterContent/Textures/T_Door_N.uasset" 461
"../../../ParityPirate/Content/StarterContent/Props/Materials/M_Door.uasset" 462
"../../../ParityPirate/Content/StarterContent/Props/SM_Door.uasset" 463
"../../../ParityPirate/Content/StarterContent/Props/SM_DoorFrame.uasset" 464
"../../../ParityPirate/Content/Blueprints/SM_DoorFrame_BP.uasset" 465
"../../../ParityPirate/Content/FirstPerson/Animations/FirstPerson_Idle.uasset" 466
"../../../ParityPirate/Content/FirstPerson/Animations/FirstPerson_JumpEnd.uasset" 467
"../../../ParityPirate/Content/FirstPerson/Animations/FirstPerson_JumpLoop.uasset" 468
"../../../ParityPirate/Content/FirstPerson/Animations/FirstPerson_JumpStart.uasset" 469
"../../../ParityPirate/Content/FirstPerson/Animations/FirstPerson_Run.uasset" 470
"../../../Engine/Content/EditorBlueprintResources/StandardMacros.uasset" 471
"../../../ParityPirate/Content/FirstPerson/Animations/FirstPerson_AnimBP.uasset" 472
"../../../ParityPirate/Content/PuzzleBP/Blueprints/PuzzleBlockGrid.uasset" 473
"../../../ParityPirate/Content/Puzzle/Meshes/BlackMaterial.uasset" 474
"../../../ParityPirate/Content/Puzzle/Meshes/WhiteMaterial.uasset" 475
"../../../ParityPirate/Content/Puzzle/Meshes/PuzzleCube.uasset" 476
"../../../ParityPirate/Content/PuzzleBP/Blueprints/PuzzleBlock.uasset" 477
"../../../Engine/Content/Functions/MaterialLayerFunctions/MatLayerBlend_NormalBlend.uasset" 478
"../../../Engine/Content/Functions/MaterialLayerFunctions/MatLayerBlend_Simple.uasset" 479
"../../../ParityPirate/Content/FirstPerson/Character/Materials/MaterialLayers/T_ML_Rubber_Blue_01_D.uasset" 480
"../../../ParityPirate/Content/FirstPerson/Character/Materials/MaterialLayers/T_ML_Rubber_Blue_01_N.uasset" 481
"../../../ParityPirate/Content/FirstPerson/Character/Materials/MaterialLayers/ML_GlossyBlack_Latex_UE4.uasset" 482
"../../../ParityPirate/Content/FirstPerson/Character/Materials/MaterialLayers/ML_Plastic_Shiny_Beige.uasset" 483
"../../../ParityPirate/Content/FirstPerson/Character/Materials/MaterialLayers/ML_Plastic_Shiny_Beige_LOGO.uasset" 484
"../../../ParityPirate/Content/FirstPerson/Character/Materials/MaterialLayers/T_ML_Aluminum01.uasset" 485
"../../../ParityPirate/Content/FirstPerson/Character/Materials/MaterialLayers/T_ML_Aluminum01_N.uasset" 486
"../../../ParityPirate/Content/FirstPerson/Character/Materials/MaterialLayers/ML_SoftMetal_UE4.uasset" 487
"../../../ParityPirate/Content/FirstPerson/Character/Textures/UE4_Mannequin__normals.uasset" 488
"../../../ParityPirate/Content/FirstPerson/Character/Textures/UE4_Mannequin_MAT_MASKA.uasset" 489
"../../../ParityPirate/Content/FirstPerson/Character/Materials/M_UE4Man_Body.uasset" 490
"../../../ParityPirate/Content/FirstPerson/Character/Mesh/SK_Mannequin_Arms_PhysicsAsset.uasset" 491
"../../../ParityPirate/Content/FirstPerson/Character/Mesh/SK_Mannequin_Arms.uasset" 492
"../../../ParityPirate/Content/FirstPerson/FPWeapon/Materials/MaterialLayers/T_ML_Rubber_Blue_01_D.uasset" 493
"../../../ParityPirate/Content/FirstPerson/FPWeapon/Materials/MaterialLayers/T_ML_Rubber_Blue_01_N.uasset" 494
"../../../ParityPirate/Content/FirstPerson/FPWeapon/Materials/MaterialLayers/ML_GlossyBlack_Latex_UE4.uasset" 495
"../../../ParityPirate/Content/FirstPerson/FPWeapon/Materials/MaterialLayers/ML_Plastic_Shiny_Beige.uasset" 496
"../../../ParityPirate/Content/FirstPerson/FPWeapon/Materials/MaterialLayers/ML_Screen.uasset" 497
"../../../ParityPirate/Content/FirstPerson/FPWeapon/Materials/MaterialLayers/T_ML_Aluminum01.uasset" 498
"../../../ParityPirate/Content/FirstPerson/FPWeapon/Materials/MaterialLayers/T_ML_Aluminum01_N.uasset" 499
"../../../ParityPirate/Content/FirstPerson/FPWeapon/Materials/MaterialLayers/ML_SoftMetal_UE4.uasset" 500
"../../../ParityPirate/Content/FirstPerson/FPWeapon/Textures/T_FPGun_M.uasset" 501
"../../../ParityPirate/Content/FirstPerson/FPWeapon/Textures/T_FPGun_N.uasset" 502
"../../../ParityPirate/Content/FirstPerson/FPWeapon/Materials/M_FPGun.uasset" 503
"../../../ParityPirate/Content/FirstPerson/FPWeapon/Mesh/SK_FPGun_Skeleton.uasset" 504
"../../../ParityPirate/Content/FirstPerson/FPWeapon/Mesh/SK_FPGun.uasset" 505
"../../../ParityPirate/Content/FirstPersonBP/Blueprints/1.uasset" 506
"../../../ParityPirate/Content/FirstPersonBP/Blueprints/Pause_Menu.uasset" 507
"../../../ParityPirate/Content/FirstPersonBP/Blueprints/FirstPersonCharacter.uasset" 508
"../../../ParityPirate/Content/FirstPersonBP/Blueprints/TouchClickPlayerController.uasset" 509
"../../../ParityPirate/Content/FirstPersonBP/Blueprints/TouchClickGameMode.uasset" 510
"../../../Engine/Content/BasicShapes/BasicShapeMaterial.uasset" 511
"../../../ParityPirate/Content/Puzzle/Meshes/GreenMaterial.uasset" 512
"../../../ParityPirate/Content/Puzzle/Meshes/RedMaterial.uasset" 513
"../../../Engine/Content/BasicShapes/Cube.uasset" 514
"../../../ParityPirate/Content/PuzzleBP/Blueprints/Button_BP.uasset" 515
"../../../ParityPirate/Content/PuzzleBP/Blueprints/Cube_Blueprint.uasset" 516
"../../../ParityPirate/Content/FirstPersonBP/Maps/Level1_BuiltData.uasset" 517
"../../../ParityPirate/Content/StarterContent/Textures/T_Wood_Floor_Walnut_D.uasset" 518
"../../../ParityPirate/Content/StarterContent/Textures/T_Wood_Floor_Walnut_M.uasset" 519
"../../../ParityPirate/Content/StarterContent/Textures/T_Wood_Floor_Walnut_N.uasset" 520
"../../../ParityPirate/Content/StarterContent/Materials/M_Wood_Floor_Walnut_Polished.uasset" 521
"../../../Engine/Content/Functions/Engine_MaterialFunctions01/Opacity/AlphaOffset.uasset" 522
"../../../ParityPirate/Content/StarterContent/Materials/M_Wood_Floor_Walnut_Worn.uasset" 523
"../../../ParityPirate/Content/StarterContent/Textures/T_Wood_Pine_D.uasset" 524
"../../../ParityPirate/Content/StarterContent/Textures/T_Wood_Pine_N.uasset" 525
"../../../ParityPirate/Content/StarterContent/Materials/M_Wood_Pine.uasset" 526
"../../../ParityPirate/Content/StarterContent/Textures/T_Wood_Walnut_D.uasset" 527
"../../../ParityPirate/Content/StarterContent/Textures/T_Wood_Walnut_N.uasset" 528
"../../../ParityPirate/Content/StarterContent/Materials/M_Wood_Walnut.uasset" 529
"../../../Engine/Content/Functions/Engine_MaterialFunctions02/SplitComponents.uasset" 530
"../../../Engine/Content/Functions/Engine_MaterialFunctions02/Utility/VectorLength.uasset" 531
"../../../ParityPirate/Content/StarterContent/Materials/MF_ConvolveTexture.uasset" 532
"../../../ParityPirate/Content/StarterContent/Materials/MF_ExtractDepth.uasset" 533
"../../../ParityPirate/Content/StarterContent/Materials/MF_SampleSceneTextureNeighbourUVs.uasset" 534
"../../../ParityPirate/Content/StarterContent/Materials/PP_Outliner_M.uasset" 535
"../../../ParityPirate/Content/StarterContent/Materials/PP_Outliner_Inst.uasset" 536
"../../../ParityPirate/Content/YellowMaterial.uasset" 537
"../../../Engine/Content/MapTemplates/SM_Template_Map_Floor.uasset" 538
"../../../ParityPirate/Content/FirstPersonBP/IncorrectShown.uasset" 539
"../../../ParityPirate/Content/FirstPersonBP/ParityCorrect.uasset" 540
"../../../ParityPirate/Content/FirstPersonBP/ParityIncorrect.uasset" 541
"../../../ParityPirate/Content/FirstPersonBP/Blueprints/Tutorial.uasset" 542
"../../../ParityPirate/Content/FirstPersonBP/Blueprints/HUDControls.uasset" 543
"../../../ParityPirate/Content/FirstPersonBP/Maps/Level1.umap" 544
"../../../ParityPirate/Content/FirstPersonBP/Maps/Level2_BuiltData.uasset" 545
"../../../ParityPirate/Content/FirstPersonBP/big_diffus.uasset" 546
"../../../ParityPirate/Content/FirstPersonBP/big_diffus_Mat.uasset" 547
"../../../ParityPirate/Content/FirstPersonBP/_wood_barreldefault.uasset" 548
"../../../ParityPirate/Content/FirstPersonBP/big_wood_barrel.uasset" 549
"../../../ParityPirate/Content/FirstPersonBP/Maps/Level2.umap" 550
"../../../ParityPirate/Content/FirstPersonBP/Maps/Level3_BuiltData.uasset" 551
"../../../ParityPirate/Content/StarterContent/Textures/T_Water_M.uasset" 552
"../../../ParityPirate/Content/StarterContent/Materials/M_Water_Ocean.uasset" 553
"../../../ParityPirate/Content/FirstPerson/Character/ship_diffuse.uasset" 554
"../../../ParityPirate/Content/FirstPerson/Character/ship_material.uasset" 555
"../../../ParityPirate/Content/FirstPerson/Character/mesh.uasset" 556
"../../../ParityPirate/Content/PuzzleBP/Blueprints/Wood_Boat.uasset" 557
"../../../ParityPirate/Content/FirstPersonBP/Maps/Level3.umap" 558
"../../../ParityPirate/Content/FirstPersonBP/Maps/Level4_BuiltData.uasset" 559
"../../../Engine/Content/BasicShapes/Cylinder.uasset" 560
"../../../ParityPirate/Content/StarterContent/Materials/cannon_diffuse.uasset" 561
"../../../ParityPirate/Content/StarterContent/Materials/Material.uasset" 562
"../../../ParityPirate/Content/StarterContent/Materials/cannon_mesh.uasset" 563
"../../../ParityPirate/Content/FirstPersonBP/Maps/Level4.umap" 564
"../../../ParityPirate/Content/FirstPersonBP/Maps/MainMenuLoading_BuiltData.uasset" 565
"../../../ParityPirate/Content/FirstPersonBP/Credits.uasset" 566
"../../../ParityPirate/Content/FirstPersonBP/Blueprints/MMenu.uasset" 567
"../../../ParityPirate/Content/FirstPersonBP/Maps/MainMenuLoading.umap" 568
"../../../Engine/Content/Maps/Entry.umap" 569
