#
# A fatal error has been detected by the Java Runtime Environment:
#
#  Internal Error (javaClasses.cpp:136), pid=4616, tid=7052
#  fatal error: Invalid layout of preloaded class
#
# JRE version:  (7.0_67-b01) (build )
# Java VM: Java HotSpot(TM) 64-Bit Server VM (24.65-b04 mixed mode windows-amd64 compressed oops)
# Failed to write core dump. Minidumps are not enabled by default on client versions of Windows
#
# If you would like to submit a bug report, please visit:
#   http://bugreport.sun.com/bugreport/crash.jsp
#

---------------  T H R E A D  ---------------

Current thread (0x00000000022f0800):  JavaThread "Unknown thread" [_thread_in_vm, id=7052, stack(0x0000000002150000,0x0000000002250000)]

Stack: [0x0000000002150000,0x0000000002250000]

---------------  P R O C E S S  ---------------

Java Threads: ( => current thread )

Other Threads:

=>0x00000000022f0800 (exited) JavaThread "Unknown thread" [_thread_in_vm, id=7052, stack(0x0000000002150000,0x0000000002250000)]

VM state:not at safepoint (not fully initialized)

VM Mutex/Monitor currently owned by a thread: None

GC Heap History (0 events):
No events

Deoptimization events (0 events):
No events

Internal exceptions (0 events):
No events

Events (10 events):
Event: 0.018 loading class 0x0000000002334a60 done
Event: 0.019 loading class 0x0000000002334480 done
Event: 0.019 loading class 0x0000000002334460
Event: 0.019 loading class 0x000000000233c5d0
Event: 0.019 loading class 0x000000000233c5d0 done
Event: 0.019 loading class 0x000000000233c600
Event: 0.019 loading class 0x000000000233c600 done
Event: 0.019 loading class 0x000000000233c630
Event: 0.019 loading class 0x000000000233c630 done
Event: 0.019 loading class 0x0000000002334460 done


Dynamic libraries:
0x00007ff624890000 - 0x00007ff6248c3000 	C:\Program Files\Java\jre7\bin\javaw.exe
0x00007ffcaace0000 - 0x00007ffcaae86000 	C:\Windows\SYSTEM32\ntdll.dll
0x00007ffca85d0000 - 0x00007ffca870a000 	C:\Windows\system32\KERNEL32.DLL
0x00007ffca8300000 - 0x00007ffca840f000 	C:\Windows\system32\KERNELBASE.dll
0x00007ffca6b40000 - 0x00007ffca6bc8000 	C:\Windows\system32\apphelp.dll
0x00007ffc86cd0000 - 0x00007ffc86d1f000 	C:\Windows\AppPatch\AppPatch64\AcGenral.DLL
0x00007ffcaa1d0000 - 0x00007ffcaa277000 	C:\Windows\system32\msvcrt.dll
0x00007ffca7e30000 - 0x00007ffca7e5b000 	C:\Windows\SYSTEM32\SspiCli.dll
0x00007ffcaac20000 - 0x00007ffcaac71000 	C:\Windows\system32\SHLWAPI.dll
0x00007ffca9f30000 - 0x00007ffcaa0a1000 	C:\Windows\system32\USER32.dll
0x00007ffcaaaa0000 - 0x00007ffcaac18000 	C:\Windows\system32\ole32.dll
0x00007ffca8b20000 - 0x00007ffca9f2f000 	C:\Windows\system32\SHELL32.dll
0x00007ffca7640000 - 0x00007ffca765e000 	C:\Windows\SYSTEM32\USERENV.dll
0x00007ffca8a70000 - 0x00007ffca8b15000 	C:\Windows\system32\ADVAPI32.dll
0x00007ffc94700000 - 0x00007ffc9471b000 	C:\Windows\SYSTEM32\MPR.dll
0x00007ffcaa280000 - 0x00007ffcaa3b7000 	C:\Windows\system32\RPCRT4.dll
0x00007ffca8570000 - 0x00007ffca85c7000 	C:\Windows\SYSTEM32\sechost.dll
0x00007ffcaa870000 - 0x00007ffcaaa46000 	C:\Windows\SYSTEM32\combase.dll
0x00007ffcaa3c0000 - 0x00007ffcaa504000 	C:\Windows\system32\GDI32.dll
0x00007ffca8050000 - 0x00007ffca8064000 	C:\Windows\SYSTEM32\profapi.dll
0x00007ffca61a0000 - 0x00007ffca623f000 	C:\Windows\SYSTEM32\SHCORE.dll
0x00007ffcaaa60000 - 0x00007ffcaaa94000 	C:\Windows\system32\IMM32.DLL
0x00007ffcaa6b0000 - 0x00007ffcaa7e9000 	C:\Windows\system32\MSCTF.dll
0x00007ffca5950000 - 0x00007ffca5baa000 	C:\Windows\WinSxS\amd64_microsoft.windows.common-controls_6595b64144ccf1df_6.0.9600.17031_none_6242a4b3ecbb55a1\COMCTL32.dll
0x0000000057450000 - 0x0000000057522000 	C:\Program Files\Java\jre7\bin\msvcr100.dll
0x0000000056c70000 - 0x0000000057442000 	C:\Program Files\Java\jre7\bin\server\jvm.dll
0x00007ffc9b420000 - 0x00007ffc9b429000 	C:\Windows\SYSTEM32\WSOCK32.dll
0x00007ffca3120000 - 0x00007ffca313f000 	C:\Windows\SYSTEM32\WINMM.dll
0x00007ffcaa7f0000 - 0x00007ffcaa7f7000 	C:\Windows\system32\PSAPI.DLL
0x00007ffcaa150000 - 0x00007ffcaa1a8000 	C:\Windows\system32\WS2_32.dll
0x00007ffca30f0000 - 0x00007ffca311a000 	C:\Windows\SYSTEM32\WINMMBASE.dll
0x00007ffcaa860000 - 0x00007ffcaa869000 	C:\Windows\system32\NSI.dll
0x00007ffca8460000 - 0x00007ffca84aa000 	C:\Windows\SYSTEM32\cfgmgr32.dll
0x00007ffca6db0000 - 0x00007ffca6dd6000 	C:\Windows\SYSTEM32\DEVOBJ.dll
0x0000000056c60000 - 0x0000000056c6f000 	C:\Program Files\Java\jre7\bin\verify.dll
0x0000000056c30000 - 0x0000000056c58000 	C:\Program Files\Java\jre7\bin\java.dll
0x0000000056c10000 - 0x0000000056c25000 	C:\Program Files\Java\jre7\bin\zip.dll

VM Arguments:
jvm_args: -Dfile.encoding=Cp1252 -Xbootclasspath:C:\Users\John\android-sdks\platforms\android-10\android.jar 
java_command: edu.udel.jtown.EscapeGame.EscapeGame
Launcher Type: SUN_STANDARD

Environment Variables:
PATH=c:\Program Files (x86)\Intel\iCLS Client\;c:\Program Files\Intel\iCLS Client\;C:\Windows\system32;C:\Windows;C:\Windows\System32\Wbem;C:\Windows\System32\WindowsPowerShell\v1.0\;C:\Program Files\Intel\Intel(R) Management Engine Components\DAL;C:\Program Files\Intel\Intel(R) Management Engine Components\IPT;C:\Program Files (x86)\Intel\Intel(R) Management Engine Components\DAL;C:\Program Files (x86)\Intel\Intel(R) Management Engine Components\IPT;C:\Program Files\Intel\WiFi\bin\;C:\Program Files\Common Files\Intel\WirelessCommon\
USERNAME=John
OS=Windows_NT
PROCESSOR_IDENTIFIER=Intel64 Family 6 Model 69 Stepping 1, GenuineIntel



---------------  S Y S T E M  ---------------

OS: Windows 8.1 , 64 bit Build 9600 

CPU:total 4 (2 cores per cpu, 2 threads per core) family 6 model 69 stepping 1, cmov, cx8, fxsr, mmx, sse, sse2, sse3, ssse3, sse4.1, sse4.2, popcnt, avx, avx2, aes, erms, ht, tsc, tscinvbit

Memory: 4k page, physical 8266712k(5551904k free), swap 9577432k(5763304k free)

vm_info: Java HotSpot(TM) 64-Bit Server VM (24.65-b04) for windows-amd64 JRE (1.7.0_67-b01), built on Jul 25 2014 08:55:00 by "java_re" with unknown MS VC++:1600

time: Mon Dec 01 10:41:18 2014
elapsed time: 0 seconds

